E/AndroidRuntime: FATAL EXCEPTION: main
    Process: com.example.ballfloat, PID: 16876
    java.lang.RuntimeException: Unable to instantiate activity ComponentInfo{com.example.ballfloat/com.example.ballfloat.MainActivity}: java.lang.NullPointerException: Attempt to invoke virtual method 'java.lang.String android.content.Context.getPackageName()' on a null object reference
        at android.app.ActivityThread.performLaunchActivity(ActivityThread.java:3493)
        at android.app.ActivityThread.handleLaunchActivity(ActivityThread.java:3737)
        at android.app.servertransaction.LaunchActivityItem.execute(LaunchActivityItem.java:85)
        at android.app.servertransaction.TransactionExecutor.executeCallbacks(TransactionExecutor.java:135)
        at android.app.servertransaction.TransactionExecutor.execute(TransactionExecutor.java:95)
        at android.app.ActivityThread$H.handleMessage(ActivityThread.java:2168)
        at android.os.Handler.dispatchMessage(Handler.java:106)
        at android.os.Looper.loop(Looper.java:236)
        at android.app.ActivityThread.main(ActivityThread.java:8152)
        at java.lang.reflect.Method.invoke(Native Method)
        at com.android.internal.os.RuntimeInit$MethodAndArgsCaller.run(RuntimeInit.java:656)
        at com.android.internal.os.ZygoteInit.main(ZygoteInit.java:967)
     Caused by: java.lang.NullPointerException: Attempt to invoke virtual method 'java.lang.String android.content.Context.getPackageName()' on a null object reference
        at android.content.ContextWrapper.getPackageName(ContextWrapper.java:160)
        at android.content.ComponentName.<init>(ComponentName.java:131)
        at android.content.Intent.<init>(Intent.java:6881)
        at com.example.ballfloat.MainActivity.<init>(MainActivity.java:20)
        at java.lang.Class.newInstance(Native Method)
        at android.app.AppComponentFactory.instantiateActivity(AppComponentFactory.java:95)
        at androidx.core.app.CoreComponentFactory.instantiateActivity(CoreComponentFactory.java:45)
        at android.app.Instrumentation.newActivity(Instrumentation.java:1254)
        at android.app.ActivityThread.performLaunchActivity(ActivityThread.java:3481)
        at android.app.ActivityThread.handleLaunchActivity(ActivityThread.java:3737) 
        at android.app.servertransaction.LaunchActivityItem.execute(LaunchActivityItem.java:85) 
        at android.app.servertransaction.TransactionExecutor.executeCallbacks(TransactionExecutor.java:135) 
        at android.app.servertransaction.TransactionExecutor.execute(TransactionExecutor.java:95) 
        at android.app.ActivityThread$H.handleMessage(ActivityThread.java:2168) 
        at android.os.Handler.dispatchMessage(Handler.java:106) 
        at android.os.Looper.loop(Looper.java:236) 
        at android.app.ActivityThread.main(ActivityThread.java:8152) 
        at java.lang.reflect.Method.invoke(Native Method) 
        at com.android.internal.os.RuntimeInit$MethodAndArgsCaller.run(RuntimeInit.java:656) 
        at com.android.internal.os.ZygoteInit.main(ZygoteInit.java:967) 
